[2016-04-13 16:21:30] [error] array (
  'data' => '2324341',
)
[2016-04-13 16:21:36] [error] array (
  'data' => '2324341',
)
[2016-04-13 16:21:37] [error] array (
  'data' => '2324341',
)
[2016-04-13 16:21:38] [error] array (
  'data' => '2324341',
)
[2016-04-13 16:21:38] [error] array (
  'data' => '2324341',
)
[2016-04-13 16:21:39] [error] array (
  'data' => '2324341',
)
[2016-04-13 16:21:39] [error] array (
  'data' => '2324341',
)
[2016-04-13 16:21:40] [error] array (
  'data' => '2324341',
)
[2016-04-13 16:22:50] [error] array (
  'data' => '2324341',
)
[2016-04-13 16:24:29] [error] array (
  'data' => '4315242',
)
[2016-04-13 16:46:49] [error] array (
  'data' => '4315242',
)
[2016-04-13 16:51:22] [error] array (
  'phone' => '15600065570',
  'data' => '4531434',
)
[2016-04-13 16:53:02] [error] array (
  'phone' => '15600065570',
  'data' => '4531434',
)
[2016-04-13 16:53:02] [error] array (
)
[2016-04-13 16:53:16] [error] array (
  'phone' => '15600065570',
  'data' => '4531434',
)
[2016-04-13 16:53:16] [error] array (
  0 => 
  array (
    'id' => '1',
    'username' => 'q920980002',
    'password' => 'w6855961',
    'nickname' => '魏亚恒',
    'phone' => '15600065570',
    'status' => '1',
    'create_time' => '1459152893',
    'update_time' => '0',
  ),
)
[2016-04-13 17:01:35] [error] array (
  'phone' => '15600065570',
  'data' => '4531434',
)
[2016-04-13 17:01:35] [error] array (
  0 => 
  array (
    'id' => '1',
    'username' => 'q920980002',
    'password' => 'w6855961',
    'nickname' => '小恒哦',
    'phone' => '15600065570',
    'sex' => '1',
    'age' => '11',
    'status' => '1',
    'create_time' => '0',
    'update_time' => '0',
  ),
)
[2016-04-13 17:12:04] [error] array (
  'phone' => '15600065570',
  'data' => '4531434',
)
