[2016-03-26 08:59:46] [info] select * from `:table_name` where `type` = '202' and `event` = '-'  and ( `object` like '%你%' )
[2016-03-26 08:59:48] [info] select * from `:table_name` where `type` = '501' and `event` = '叫'  and ( `object` like '%你%' )
[2016-03-26 08:59:49] [info] select * from `:table_name` where `type` = '0' and `event` = '-'  and ( `object` like '%呵呵%' )
[2016-03-26 08:59:50] [info] select * from `:table_name` where `type` = '201' and `event` = '爱'  and ( `object` like '%我%' )
[2016-03-26 09:00:46] [info] select * from `:table_name` where `type` = '202' and `event` = '-'  and ( `object` like '%你%' )
[2016-03-26 09:10:02] [info] select * from `:table_name` where `type` = '202' and `event` = '-'  and ( `object` like '%你%' )
[2016-03-26 09:10:05] [info] select * from `:table_name` where `type` = '0' and `event` = '-'  and ( `object` like '%洛杉矶%' )
[2016-03-26 09:10:07] [info] select * from `:table_name` where `type` = '501' and `event` = '有'  and ( `object` like '%洛杉矶%' )
[2016-03-26 09:10:20] [info] select * from `:table_name` where `type` = '201' and `event` = '道'  and ( `object` like '%你%' )
[2016-03-26 09:11:19] [info] select * from `:table_name` where `type` = '202' and `event` = '-'  and ( `object` like '%你%' )
[2016-03-26 09:11:26] [info] select * from `:table_name` where `type` = '201' and `event` = '道' 
[2016-03-26 09:11:29] [info] select * from `:table_name` where `type` = '201' and `event` = '死'  and ( `object` like '%啊%' )
[2016-03-26 09:11:32] [info] select * from `:table_name` where `type` = '0' and `event` = '-'  and ( `object` like '%置之死地而后快%' )
[2016-03-26 09:11:34] [info] select * from `:table_name` where `type` = '501' and `event` = '是'  and ( `object` like '%置之死地而后快%' )
[2016-03-26 09:15:27] [info] select * from `:table_name` where `type` = '0' and `event` = '-'  and ( `object` like '%哈哈%' )
[2016-03-26 09:15:28] [info] select * from `:table_name` where `type` = '0' and `event` = '-'  and ( `object` like '%你%' or  `object` like '%真好%' )
[2016-03-26 09:15:31] [info] select * from `:table_name` where `type` = '204' and `event` = '会' 
[2016-03-26 09:15:33] [info] select * from `:table_name` where `type` = '201' and `event` = '醉' 
[2016-03-26 09:15:35] [info] select * from `:table_name` where `type` = '0' and `event` = '-'  and ( `object` like '%醉翁之意不在酒%' )
[2016-03-26 09:15:37] [info] select * from `:table_name` where `type` = '501' and `event` = '是'  and ( `object` like '%醉翁之意不在酒%' )
[2016-03-26 09:16:43] [info] select * from `:table_name` where `type` = '501' and `event` = '是'  and ( `object` like '%醉翁之意不在酒%' )
[2016-03-26 09:17:04] [info] select * from `:table_name` where `type` = '501' and `event` = '是'  and ( `object` like '%醉翁之意不在酒%' )
[2016-03-26 09:17:06] [info] select * from `:table_name` where `type` = '510' and `event` = '有'  and ( `object` like '%醉翁之意不在酒%' )
[2016-03-26 09:52:29] [info] select * from `:table_name` where `type` = '202' and `event` = '-'  and ( `object` like '%你%' )
[2016-03-26 09:52:30] [info] select * from `:table_name` where `type` = '202' and `event` = '-'  and ( `object` like '%你%' )
[2016-03-26 09:52:34] [info] select * from `:table_name` where `type` = '0' and `event` = '-'  and ( `object` like '%哈哈%' )
[2016-03-26 09:52:48] [info] select * from `:table_name` where `type` = '0' and `event` = '-' 
[2016-03-26 10:21:36] [info] select * from `:table_name` where `type` = '202' and `event` = '-'  and ( `object` like '%哈哈哈%' )
[2016-03-26 10:41:18] [info] select * from `:table_name` where `type` = '202' and `event` = '-'  and ( `object` like '%你%' )
[2016-03-26 10:44:14] [info] select * from `:table_name` where `type` = '0' and `event` = '-' 
[2016-03-26 10:57:56] [info] select * from `:table_name` where `type` = '202' and `event` = '-'  and ( `object` like '%你%' )
[2016-03-26 11:09:45] [info] select * from `:table_name` where `type` = '0' and `event` = '-'  and ( `object` like '%额%' )
[2016-03-26 11:24:03] [info] select * from `:table_name` where `type` = '0' and `event` = '-'  and ( `object` like '%我%' )
[2016-03-26 11:24:04] [info] select * from `:table_name` where `type` = '0' and `event` = '-'  and ( `object` like '%额%' )
[2016-03-26 11:24:06] [info] select * from `:table_name` where `type` = '201' and `event` = '刺'  and ( `object` like '%鱼%' or  `object` like '%肉%' or  `object` like '%菜谱%' )
[2016-03-26 11:27:57] [info] select * from `:table_name` where `type` = '202' and `event` = '-'  and ( `object` like '%你%' )
[2016-03-26 11:28:00] [info] select * from `:table_name` where `type` = '0' and `event` = '-'  and ( `object` like '%呵呵%' )
[2016-03-26 11:36:08] [info] select * from `:table_name` where `type` = '0' and `event` = '-' 
[2016-03-26 11:52:05] [info] select * from `:table_name` where `type` = '0' and `event` = '-'  and ( `object` like '%哈哈%' )
[2016-03-26 11:52:08] [info] select * from `:table_name` where `type` = '0' and `event` = '-'  and ( `object` like '%哈哈%' )
[2016-03-26 11:52:12] [info] select * from `:table_name` where `type` = '0' and `event` = '-'  and ( `object` like '%额%' )
[2016-03-26 11:52:14] [info] select * from `:table_name` where `type` = '0' and `event` = '-'  and ( `object` like '%你%' or  `object` like '%大爷%' )
[2016-03-26 11:52:15] [info] select * from `:table_name` where `type` = '0' and `event` = '-'  and ( `object` like '%你%' or  `object` like '%大爷%' )
[2016-03-26 14:26:37] [info] select * from `:table_name` where `type` = '201' and `event` = '绕'  and ( `object` like '%肉%' or  `object` like '%菜谱%' )
[2016-03-26 15:43:40] [info] select * from `:table_name` where `type` = '202' and `event` = '-'  and ( `object` like '%你%' )
[2016-03-26 15:43:41] [info] select * from `:table_name` where `type` = '501' and `event` = '叫'  and ( `object` like '%你%' )
[2016-03-26 15:43:44] [info] select * from `:table_name` where `type` = '201' and `event` = '认识' 
[2016-03-26 15:43:47] [info] select * from `:table_name` where `type` = '0' and `event` = '-'  and ( `object` like '%理性认识%' )
[2016-03-26 15:43:48] [info] select * from `:table_name` where `type` = '501' and `event` = '是'  and ( `object` like '%理性认识%' )
[2016-03-26 15:43:49] [info] select * from `:table_name` where `type` = '510' and `event` = '有'  and ( `object` like '%理性认识%' )
[2016-03-26 15:44:30] [info] select * from `:table_name` where `type` = '201' and `event` = '买票' 
[2016-03-26 15:47:37] [info] select * from `:table_name` where `type` = '201' and `event` = '买票' 
[2016-03-26 15:47:45] [info] select * from `:table_name` where `type` = '201' and `event` = '买票' 
[2016-03-26 15:51:03] [info] select * from `:table_name` where `type` = '201' and `event` = '买票' 
[2016-03-26 15:51:21] [info] select * from `:table_name` where `type` = '201' and `event` = '买票' 
[2016-03-26 15:51:34] [info] select * from `:table_name` where `type` = '201' and `event` = '买票' 
[2016-03-26 15:53:28] [info] select * from `:table_name` where `type` = '0' and `event` = '-'  and ( `object` like '%票%' )
[2016-03-26 15:56:36] [info] select * from `:table_name` where `type` = '0' and `event` = '-'  and ( `object` like '%呵呵%' )
[2016-03-26 15:56:39] [info] select * from `:table_name` where `type` = '201' and `event` = '打人' 
[2016-03-26 15:56:44] [info] select * from `:table_name` where `type` = '201' and `event` = '试用' 
[2016-03-26 15:56:46] [info] select * from `:table_name` where `type` = '0' and `event` = '-'  and ( `object` like '%免费试用%' )
[2016-03-26 15:56:48] [info] select * from `:table_name` where `type` = '501' and `event` = '是'  and ( `object` like '%免费试用%' )
[2016-03-26 16:09:54] [info] select * from `:table_name` where `type` = '0' and `event` = '-'  and ( `object` like '%呵呵%' )
[2016-03-26 16:09:56] [info] select * from `:table_name` where `type` = '510' and `event` = '有'  and ( `object` like '%免费试用%' )
[2016-03-26 16:32:51] [info] select * from `:table_name` where `type` = '501' and `event` = '是'  and ( `object` like '%免费试用%' )
[2016-03-26 16:32:57] [info] select * from `:table_name` where `type` = '510' and `event` = '有'  and ( `object` like '%免费试用%' )
[2016-03-26 16:38:18] [info] select * from `:table_name` where `type` = '203' and `event` = '有' 
[2016-03-26 16:38:24] [info] select * from `:table_name` where `type` = '201' and `event` = '打' 
[2016-03-26 16:38:57] [info] select * from `:table_name` where `type` = '201' and `event` = '打' 
[2016-03-26 16:44:54] [info] select * from `:table_name` where `type` = '205' and `event` = '是'  and ( `object` like '%我%' or  `object` like '%你%' )
[2016-03-26 16:45:00] [info] select * from `:table_name` where `type` = '205' and `event` = '是'  and ( `object` like '%你%' )
[2016-03-26 16:45:01] [info] select * from `:table_name` where `type` = '205' and `event` = '是' 
[2016-03-26 16:45:12] [info] select * from `:table_name` where `type` = '205' and `event` = '是' 
[2016-03-26 16:47:03] [info] select * from `:table_name` where `type` = '0' and `event` = '-'  and ( `object` like '%紫平方%' )
[2016-03-26 16:48:01] [info] select * from `:table_name` where `type` = '0' and `event` = '-'  and ( `object` like '%紫平方%' )
[2016-03-26 16:48:39] [info] select * from `:table_name` where `type` = '0' and `event` = '-'  and ( `object` like '%紫平方%' )
[2016-03-26 16:49:21] [info] select * from `:table_name` where `type` = '201' and `event` = '死'  and ( `object` like '%山西%' or  `object` like '%运城%' or  `object` like '%你%' )
[2016-03-26 16:49:31] [info] select * from `:table_name` where `type` = '507' and `event` = '在'  and ( `object` like '%山西%' or  `object` like '%运城%' )
[2016-03-26 16:50:56] [info] select * from `:table_name` where `type` = '507' and `event` = '在'  and ( `object` like '%山西%' or  `object` like '%运城%' )
[2016-03-26 16:51:15] [info] select * from `:table_name` where `type` = '507' and `event` = '在'  and ( `object` like '%山西%' or  `object` like '%运城%' )
[2016-03-26 16:56:12] [info] select * from `:table_name` where `type` = '507' and `event` = '在'  and ( `object` like '%山西%' or  `object` like '%运城%' )
[2016-03-26 16:56:56] [info] select * from `:table_name` where `type` = '507' and `event` = '在'  and ( `object` like '%山西%' or  `object` like '%运城%' )
[2016-03-26 16:58:58] [info] select * from `:table_name` where `type` = '507' and `event` = '在'  and ( `object` like '%山西%' or  `object` like '%运城%' )
[2016-03-26 16:59:07] [info] select * from `:table_name` where `type` = '507' and `event` = '在'  and ( `object` like '%山西%' or  `object` like '%运城%' )
[2016-03-26 16:59:32] [info] select * from `:table_name` where `type` = '507' and `event` = '在'  and ( `object` like '%山西%' or  `object` like '%运城%' )
[2016-03-26 16:59:56] [info] select * from `:table_name` where `type` = '507' and `event` = '在'  and ( `object` like '%山西%' or  `object` like '%运城%' )
[2016-03-26 17:00:53] [info] select * from `:table_name` where `type` = '507' and `event` = '在'  and ( `object` like '%山西%' or  `object` like '%运城%' )
[2016-03-26 17:01:21] [info] select * from `:table_name` where `type` = '507' and `event` = '在'  and ( `object` like '%山西%' or  `object` like '%运城%' )
[2016-03-26 17:05:38] [info] select * from `:table_name` where `type` = '0' and `event` = '-'  and ( `object` like '%你%' or  `object` like '%公司%' )
[2016-03-26 17:06:28] [info] select * from `:table_name` where `type` = '0' and `event` = '-'  and ( `object` like '%你%' or  `object` like '%公司%' )
[2016-03-26 17:08:07] [info] select * from `:table_name` where `type` = '0' and `event` = '-'  and ( `object` like '%你%' or  `object` like '%公司%' )
[2016-03-26 17:10:41] [info] select * from `:table_name` where `type` = '507' and `event` = '在'  and ( `object` like '%你%' or  `object` like '%公司%' )
[2016-03-26 17:11:32] [info] select * from `:table_name` where `type` = '507' and `event` = '在'  and ( `object` like '%你%' or  `object` like '%公司%' )
[2016-03-26 17:14:11] [info] select * from `:table_name` where `type` = '507' and `event` = '在'  and ( `object` like '%你%' or  `object` like '%公司%' )
[2016-03-26 17:39:40] [info] select * from `:table_name` where `type` = '0' and `event` = '-'  and ( `object` like '%你%' )
[2016-03-26 17:40:04] [info] select * from `:table_name` where `type` = '0' and `event` = '-' 
[2016-03-26 17:40:42] [info] select * from `:table_name` where `type` = '0' and `event` = '-' 
[2016-03-26 17:43:12] [info] select * from `:table_name` where `type` = '0' and `event` = '-' 
[2016-03-26 17:43:28] [info] select * from `:table_name` where `type` = '0' and `event` = '-' 
[2016-03-26 17:44:02] [info] select * from `:table_name` where `type` = '0' and `event` = '-' 
[2016-03-26 17:45:51] [info] select * from `:table_name` where `type` = '0' and `event` = '-' 
[2016-03-26 17:45:57] [info] select * from `:table_name` where `type` = '0' and `event` = '-' 
[2016-03-26 17:48:26] [info] select * from `:table_name` where `type` = '507' and `event` = '在'  and ( `object` like '%你%' or  `object` like '%公司%' )
[2016-03-26 17:48:39] [info] select * from `:table_name` where `type` = '507' and `event` = '在'  and ( `object` like '%你%' or  `object` like '%公司%' )
[2016-03-26 17:51:26] [info] select * from `:table_name` where `type` = '507' and `event` = '在'  and ( `object` like '%你%' or  `object` like '%公司%' )
[2016-03-26 17:51:42] [info] select * from `:table_name` where `type` = '507' and `event` = '在'  and ( `object` like '%你%' or  `object` like '%公司%' )
[2016-03-26 17:52:18] [info] select * from `:table_name` where `type` = '507' and `event` = '在'  and ( `object` like '%你%' or  `object` like '%公司%' )
[2016-03-26 17:53:46] [info] select * from `:table_name` where `type` = '507' and `event` = '在'  and ( `object` like '%你%' or  `object` like '%公司%' )
[2016-03-26 17:54:21] [info] select * from `:table_name` where `type` = '507' and `event` = '在'  and ( `object` like '%你%' or  `object` like '%公司%' )
[2016-03-26 17:54:57] [info] select * from `:table_name` where `type` = '507' and `event` = '在'  and ( `object` like '%你%' or  `object` like '%公司%' )
[2016-03-26 17:57:07] [info] select * from `:table_name` where `type` = '507' and `event` = '在'  and ( `object` like '%你%' or  `object` like '%公司%' )
[2016-03-26 17:58:28] [info] select * from `:table_name` where `type` = '507' and `event` = '在'  and ( `object` like '%你%' or  `object` like '%公司%' )
[2016-03-26 17:58:44] [info] select * from `:table_name` where `type` = '507' and `event` = '在'  and ( `object` like '%你%' or  `object` like '%公司%' )
[2016-03-26 17:59:05] [info] select * from `:table_name` where `type` = '507' and `event` = '在'  and ( `object` like '%你%' or  `object` like '%公司%' )
[2016-03-26 18:03:21] [info] select * from `:table_name` where `type` = '507' and `event` = '在'  and ( `object` like '%你%' or  `object` like '%公司%' )
[2016-03-26 18:06:42] [info] select * from `:table_name` where `type` = '507' and `event` = '在'  and ( `object` like '%你%' or  `object` like '%公司%' )
[2016-03-26 18:08:33] [info] select * from `:table_name` where `type` = '507' and `event` = '在'  and ( `object` like '%你%' or  `object` like '%公司%' )
[2016-03-26 18:09:10] [info] select * from `:table_name` where `type` = '0' and `event` = '-'  and ( `object` like '%紫平方%' )
[2016-03-26 18:09:20] [info] select * from `:table_name` where `type` = '0' and `event` = '-'  and ( `object` like '%有客云%' )
[2016-03-26 18:09:24] [info] select * from `:table_name` where `type` = '0' and `event` = '-'  and ( `object` like '%你%' )
[2016-03-26 18:10:14] [info] select * from `:table_name` where `type` = '504' and `event` = '开户' 
[2016-03-26 18:11:16] [info] select * from `:table_name` where `type` = '201' and `event` = '开户'  and ( `object` like '%我要%' )
[2016-03-26 18:11:25] [info] select * from `:table_name` where `type` = '201' and `event` = '想开'  and ( `object` like '%我%' or  `object` like '%户%' )
[2016-03-26 18:11:32] [info] select * from `:table_name` where `type` = '504' and `event` = '开户'  and ( `object` like '%我%' )
[2016-03-26 18:11:44] [info] select * from `:table_name` where `type` = '201' and `event` = '开户' 
[2016-03-26 18:12:16] [info] select * from `:table_name` where `type` = '201' and `event` = '开户' 
[2016-03-26 18:12:22] [info] select * from `:table_name` where `type` = '504' and `event` = '开户' 
[2016-03-26 18:12:43] [info] select * from `:table_name` where `type` = '0' and `event` = '-'  and ( `object` like '%怎么办%' )
[2016-03-26 18:12:47] [info] select * from `:table_name` where `type` = '0' and `event` = '-'  and ( `object` like '%真好%' )
[2016-03-26 18:12:52] [info] select * from `:table_name` where `type` = '202' and `event` = '-' 
[2016-03-26 18:13:20] [info] select * from `:table_name` where `type` = '201' and `event` = '解决' 
[2016-03-26 18:13:28] [info] select * from `:table_name` where `type` = '0' and `event` = '-'  and ( `object` like '%银行卡%' )
[2016-03-26 18:13:32] [info] select * from `:table_name` where `type` = '0' and `event` = '-'  and ( `object` like '%哈哈哈%' )
[2016-03-26 18:13:42] [info] select * from `:table_name` where `type` = '0' and `event` = '-'  and ( `object` like '%怎么办%' or  `object` like '%理%' or  `object` like '%银行卡%' )
[2016-03-26 18:15:28] [info] select * from `:table_name` where `type` = '0' and `event` = '-'  and ( `object` like '%怎么办%' or  `object` like '%理%' or  `object` like '%卡%' )
[2016-03-26 18:15:30] [info] select * from `:table_name` where `type` = '0' and `event` = '-'  and ( `object` like '%怎么办%' or  `object` like '%卡%' )
[2016-03-26 18:17:48] [info] select * from `:table_name` where `type` = '201' and `event` = '开户' 
[2016-03-26 18:21:07] [info] select * from `:table_name` where `type` = '201' and `event` = '开户' 
[2016-03-26 18:21:28] [info] select * from `:table_name` where `type` = '201' and `event` = '开户' 
[2016-03-26 18:21:34] [info] select * from `:table_name` where `type` = '201' and `event` = '办'  and ( `object` like '%卡%' )
[2016-03-26 18:21:38] [info] select * from `:table_name` where `type` = '0' and `event` = '-'  and ( `object` like '%怎么办%' or  `object` like '%卡%' )
[2016-03-26 18:21:48] [info] select * from `:table_name` where `type` = '201' and `event` = '办'  and ( `object` like '%卡%' )
[2016-03-26 18:21:56] [info] select * from `:table_name` where `type` = '504' and `event` = '打人' 
[2016-03-26 18:22:43] [info] select * from `:table_name` where `type` = '504' and `event` = '打人' 
[2016-03-26 18:23:15] [info] select * from `:table_name` where `type` = '504' and `event` = '打人' 
[2016-03-26 18:23:44] [info] select * from `:table_name` where `type` = '0' and `event` = '-'  and ( `object` like '%紫平方%' )
[2016-03-26 18:23:47] [info] select * from `:table_name` where `type` = '201' and `event` = '开户' 
[2016-03-26 18:24:20] [info] select * from `:table_name` where `type` = '504' and `event` = '打人' 
[2016-03-26 18:25:51] [info] select * from `:table_name` where `type` = '201' and `event` = '打人' 
[2016-03-26 18:27:15] [info] select * from `:table_name` where `type` = '504' and `event` = '打人' 
[2016-03-26 18:27:33] [info] select * from `:table_name` where `type` = '504' and `event` = '打人' 
[2016-03-26 18:27:52] [info] select * from `:table_name` where `type` = '504' and `event` = '打人' 
[2016-03-26 18:28:03] [info] select * from `:table_name` where `type` = '504' and `event` = '打人' 
[2016-03-26 18:28:10] [info] select * from `:table_name` where `type` = '204' and `event` = '会'  and ( `object` like '%爱你%' )
[2016-03-26 18:28:17] [info] select * from `:table_name` where `type` = '201' and `event` = '开户' 
[2016-03-26 18:28:18] [info] select * from `:table_name` where `type` = '504' and `event` = '开户' 
[2016-03-26 18:28:23] [info] select * from `:table_name` where `type` = '201' and `event` = '开户' 
[2016-03-26 18:28:36] [info] select * from `:table_name` where `type` = '0' and `event` = '-'  and ( `object` like '%怎么办%' or  `object` like '%理%' )
[2016-03-26 18:29:51] [info] select * from `:table_name` where `type` = '0' and `event` = '-'  and ( `object` like '%你%' or  `object` like '%公司%' )
[2016-03-26 18:30:09] [info] select * from `:table_name` where `type` = '202' and `event` = '-' 
[2016-03-26 18:30:13] [info] select * from `:table_name` where `type` = '0' and `event` = '-'  and ( `object` like '%你%' )
[2016-03-26 18:30:49] [info] select * from `:table_name` where `type` = '0' and `event` = '-'  and ( `object` like '%你%' or  `object` like '%公司%' or  `object` like '%产品%' )
[2016-03-26 18:31:39] [info] select * from `:table_name` where `type` = '201' and `event` = '跑' 
[2016-03-26 18:31:56] [info] select * from `:table_name` where `type` = '201' and `event` = '吃喝' 
[2016-03-26 18:32:05] [info] select * from `:table_name` where `type` = '201' and `event` = '吃' 
[2016-03-26 18:34:33] [info] select * from `:table_name` where `type` = '201' and `event` = '打人'  and ( `object` like '%你%' or  `object` like '%公司%' )
[2016-03-26 18:37:16] [info] select * from `:table_name` where `type` = '201' and `event` = '打人'  and ( `object` like '%你%' or  `object` like '%公司%' )
[2016-03-26 18:37:31] [info] select * from `:table_name` where `type` = '0' and `event` = '-'  and ( `object` like '%公司%' )
[2016-03-26 18:37:34] [info] select * from `:table_name` where `type` = '201' and `event` = '打人' 
[2016-03-26 18:37:43] [info] select * from `:table_name` where `type` = '201' and `event` = '打人' 
[2016-03-26 18:38:02] [info] select * from `:table_name` where `type` = '201' and `event` = '打人'  and ( `object` like '%你%' or  `object` like '%公司%' )
[2016-03-26 18:38:04] [info] select * from `:table_name` where `type` = '201' and `event` = '打人'  and ( `object` like '%你%' or  `object` like '%公司%' )
[2016-03-26 18:39:13] [info] select * from `:table_name` where `type` = '0' and `event` = '-'  and ( `object` like '%证券%' )
[2016-03-26 18:39:21] [info] select * from `:table_name` where `type` = '0' and `event` = '-'  and ( `object` like '%怎么办%' )
[2016-03-26 18:39:30] [info] select * from `:table_name` where `type` = '201' and `event` = '去'  and ( `object` like '%我%' or  `object` like '%上海%' or  `object` like '%怎么办%' )
[2016-03-26 18:39:50] [info] select * from `:table_name` where `type` = '0' and `event` = '-' 
[2016-03-26 18:39:53] [info] select * from `:table_name` where `type` = '504' and `event` = '做'  and ( `object` like '%公司%' )
[2016-03-26 18:40:28] [info] select * from `:table_name` where `type` = '504' and `event` = '打人' 
[2016-03-26 18:40:45] [info] select * from `:table_name` where `type` = '504' and `event` = '打人' 
[2016-03-26 18:46:45] [info] select * from `:table_name` where `type` = '201' and `event` = '爱'  and ( `object` like '%我%' )
[2016-03-26 18:47:20] [info] select * from `:table_name` where `type` = '504' and `event` = '-' 
[2016-03-26 18:47:26] [info] select * from `:table_name` where `type` = '506' and `event` = '-' 
[2016-03-26 18:47:36] [info] select * from `:table_name` where `type` = '506' and `event` = '-' 
[2016-03-26 18:47:54] [info] select * from `:table_name` where `type` = '204' and `event` = '会' 
[2016-03-26 18:47:58] [info] select * from `:table_name` where `type` = '204' and `event` = '会' 
[2016-03-26 18:48:00] [info] select * from `:table_name` where `type` = '202' and `event` = '-' 
[2016-03-26 18:48:10] [info] select * from `:table_name` where `type` = '202' and `event` = '-' 
[2016-03-26 18:48:29] [info] select * from `:table_name` where `type` = '204' and `event` = '会' 
[2016-03-26 18:48:31] [info] select * from `:table_name` where `type` = '204' and `event` = '会' 
[2016-03-26 18:48:32] [info] select * from `:table_name` where `type` = '201' and `event` = '帮'  and ( `object` like '%我%' )
[2016-03-26 18:49:01] [info] select * from `:table_name` where `type` = '202' and `event` = '-'  and ( `object` like '%你%' )
[2016-03-26 18:49:02] [info] select * from `:table_name` where `type` = '0' and `event` = '-'  and ( `object` like '%真好%' )
[2016-03-26 18:49:03] [info] select * from `:table_name` where `type` = '0' and `event` = '-'  and ( `object` like '%呵呵%' )
[2016-03-26 18:49:04] [info] select * from `:table_name` where `type` = '0' and `event` = '-'  and ( `object` like '%呵呵%' )
[2016-03-26 18:49:40] [info] select * from `:table_name` where `type` = '0' and `event` = '-'  and ( `object` like '%呵呵%' )
[2016-03-26 18:49:42] [info] select * from `:table_name` where `type` = '0' and `event` = '-'  and ( `object` like '%哇%' or  `object` like '%哈哈%' )
[2016-03-26 18:49:43] [info] select * from `:table_name` where `type` = '0' and `event` = '-'  and ( `object` like '%真好%' )
[2016-03-26 18:49:46] [info] select * from `:table_name` where `type` = '0' and `event` = '-'  and ( `object` like '%公司%' )
[2016-03-26 18:49:48] [info] select * from `:table_name` where `type` = '0' and `event` = '-'  and ( `object` like '%你%' or  `object` like '%公司%' )
[2016-03-26 18:49:52] [info] select * from `:table_name` where `type` = '0' and `event` = '-'  and ( `object` like '%你%' or  `object` like '%公司%' )
[2016-03-26 18:49:54] [info] select * from `:table_name` where `type` = '201' and `event` = '解决' 
[2016-03-26 18:49:56] [info] select * from `:table_name` where `type` = '0' and `event` = '-'  and ( `object` like '%北京%' )
[2016-03-26 18:49:58] [info] select * from `:table_name` where `type` = '0' and `event` = '-'  and ( `object` like '%紫平方%' )
[2016-03-26 18:50:03] [info] select * from `:table_name` where `type` = '0' and `event` = '-'  and ( `object` like '%证券%' )
[2016-03-26 18:50:04] [info] select * from `:table_name` where `type` = '201' and `event` = '打人' 
[2016-03-26 18:50:11] [info] select * from `:table_name` where `type` = '0' and `event` = '-'  and ( `object` like '%紫平方%' )
[2016-03-26 18:50:14] [info] select * from `:table_name` where `type` = '202' and `event` = '-'  and ( `object` like '%法%' )
[2016-03-26 18:50:17] [info] select * from `:table_name` where `type` = '0' and `event` = '-'  and ( `object` like '%呵呵%' or  `object` like '%呵%' )
[2016-03-26 18:50:18] [info] select * from `:table_name` where `type` = '0' and `event` = '-'  and ( `object` like '%爱你%' )
[2016-03-26 18:50:20] [info] select * from `:table_name` where `type` = '0' and `event` = '-'  and ( `object` like '%爱你%' )
[2016-03-26 18:50:23] [info] select * from `:table_name` where `type` = '201' and `event` = '管'  and ( `object` like '%你%' or  `object` like '%爱你%' )
[2016-03-26 18:50:45] [info] select * from `:table_name` where `type` = '504' and `event` = '-'  and ( `object` like '%公司%' )
[2016-03-26 18:50:52] [info] select * from `:table_name` where `type` = '201' and `event` = '做人'  and ( `object` like '%你%' or  `object` like '%公司%' )
[2016-03-26 18:50:57] [info] select * from `:table_name` where `type` = '201' and `event` = '做'  and ( `object` like '%你%' or  `object` like '%公司%' or  `object` like '%软件%' )
[2016-03-26 18:50:58] [info] select * from `:table_name` where `type` = '201' and `event` = '做'  and ( `object` like '%你%' or  `object` like '%公司%' )
[2016-03-26 18:51:00] [info] select * from `:table_name` where `type` = '201' and `event` = '做'  and ( `object` like '%你%' or  `object` like '%公司%' )
[2016-03-26 18:51:25] [info] select * from `:table_name` where `type` = '202' and `event` = '-'  and ( `object` like '%你%' )
[2016-03-26 18:52:49] [info] select * from `:table_name` where `type` = '202' and `event` = '-'  and ( `object` like '%你%' )
[2016-03-26 18:53:24] [info] select * from `:table_name` where `type` = '202' and `event` = '-'  and ( `object` like '%你%' )
[2016-03-26 18:53:30] [info] select * from `:table_name` where `type` = '202' and `event` = '-'  and ( `object` like '%你%' )
[2016-03-26 18:53:35] [info] select * from `:table_name` where `type` = '202' and `event` = '-'  and ( `object` like '%你%' )
[2016-03-26 18:53:38] [info] select * from `:table_name` where `type` = '202' and `event` = '-'  and ( `object` like '%你%' )
[2016-03-26 18:55:19] [info] select * from `:table_name` where `type` = '202' and `event` = '-'  and ( `object` like '%你%' )
[2016-03-26 18:55:28] [info] select * from `:table_name` where `type` = '202' and `event` = '-'  and ( `object` like '%你%' )
[2016-03-26 18:55:34] [info] select * from `:table_name` where `type` = '202' and `event` = '-'  and ( `object` like '%你%' )
[2016-03-26 18:56:06] [info] select * from `:table_name` where `type` = '202' and `event` = '-'  and ( `object` like '%你%' )
[2016-03-26 18:57:21] [info] select * from `:table_name` where `type` = '202' and `event` = '-'  and ( `object` like '%你%' )
[2016-03-26 18:57:25] [info] select * from `:table_name` where `type` = '202' and `event` = '-'  and ( `object` like '%你%' )
[2016-03-26 18:57:36] [info] select * from `:table_name` where `type` = '202' and `event` = '-'  and ( `object` like '%你%' )
[2016-03-26 18:57:39] [info] select * from `:table_name` where `type` = '201' and `event` = '死'  and ( `object` like '%你%' )
[2016-03-26 18:58:01] [info] select * from `:table_name` where `type` = '202' and `event` = '-'  and ( `object` like '%你%' )
[2016-03-26 18:58:55] [info] select * from `:table_name` where `type` = '202' and `event` = '-'  and ( `object` like '%你%' )
[2016-03-26 18:59:09] [info] select * from `:table_name` where `type` = '202' and `event` = '-'  and ( `object` like '%你%' )
[2016-03-26 18:59:42] [info] select * from `:table_name` where `type` = '202' and `event` = '-'  and ( `object` like '%你%' )
[2016-03-26 18:59:51] [info] select * from `:table_name` where `type` = '202' and `event` = '-'  and ( `object` like '%你%' )
[2016-03-26 19:00:02] [info] select * from `:table_name` where `type` = '202' and `event` = '-'  and ( `object` like '%你%' )
[2016-03-26 19:00:16] [info] select * from `:table_name` where `type` = '202' and `event` = '-'  and ( `object` like '%你%' )
[2016-03-26 19:00:26] [info] select * from `:table_name` where `type` = '202' and `event` = '-'  and ( `object` like '%你%' )
[2016-03-26 19:00:44] [info] select * from `:table_name` where `type` = '0' and `event` = '-'  and ( `object` like '%你%' )
[2016-03-26 19:00:46] [info] select * from `:table_name` where `type` = '202' and `event` = '-' 
[2016-03-26 19:00:50] [info] select * from `:table_name` where `type` = '0' and `event` = '-'  and ( `object` like '%公司%' )
[2016-03-26 19:00:52] [info] select * from `:table_name` where `type` = '0' and `event` = '-'  and ( `object` like '%业务%' )
[2016-03-26 19:00:56] [info] select * from `:table_name` where `type` = '0' and `event` = '-'  and ( `object` like '%公司%' or  `object` like '%业务%' )
[2016-03-26 19:01:10] [info] select * from `:table_name` where `type` = '504' and `event` = '-'  and ( `object` like '%公司%' )
[2016-03-26 19:01:29] [info] select * from `:table_name` where `type` = '504' and `event` = '-'  and ( `object` like '%公司%' )
[2016-03-26 19:01:35] [info] select * from `:table_name` where `type` = '202' and `event` = '-'  and ( `object` like '%你%' )
[2016-03-26 19:01:45] [info] select * from `:table_name` where `type` = '202' and `event` = '-'  and ( `object` like '%你%' )
[2016-03-26 19:01:52] [info] select * from `:table_name` where `type` = '202' and `event` = '-'  and ( `object` like '%你%' )
[2016-03-26 19:02:04] [info] select * from `:table_name` where `type` = '202' and `event` = '-'  and ( `object` like '%你%' )
[2016-03-26 19:02:49] [info] select * from `:table_name` where `type` = '202' and `event` = '-'  and ( `object` like '%你%' )
[2016-03-26 19:03:03] [info] select * from `:table_name` where `type` = '202' and `event` = '-'  and ( `object` like '%你%' )
[2016-03-26 19:03:15] [info] select * from `:table_name` where `type` = '202' and `event` = '-'  and ( `object` like '%你%' )
[2016-03-26 19:03:51] [info] select * from `:table_name` where `type` = '202' and `event` = '-'  and ( `object` like '%你%' )
[2016-03-26 19:11:24] [info] select * from `:table_name` where `type` = '201' and `event` = '死' 
[2016-03-26 19:11:27] [info] select * from `:table_name` where `type` = '202' and `event` = '-'  and ( `object` like '%你%' )
[2016-03-26 19:11:32] [info] select * from `:table_name` where `type` = '504' and `event` = '-'  and ( `object` like '%公司%' )
[2016-03-26 19:11:58] [info] select * from `:table_name` where `type` = '504' and `event` = '-'  and ( `object` like '%公司%' )
[2016-03-26 19:12:15] [info] select * from `:table_name` where `type` = '201' and `event` = '炒'  and ( `object` like '%西红柿%' or  `object` like '%菜谱%' )
[2016-03-26 19:12:45] [info] select * from `:table_name` where `type` = '0' and `event` = '-'  and ( `object` like '%公司%' )
[2016-03-26 19:13:14] [info] select * from `:table_name` where `type` = '0' and `event` = '-'  and ( `object` like '%北京%' )
[2016-03-26 19:16:22] [info] select * from `:table_name` where `type` = '0' and `event` = '-'  and ( `object` like '%北京%' )
[2016-03-26 19:17:11] [info] select * from `:table_name` where `type` = '0' and `event` = '-'  and ( `object` like '%北京%' )
[2016-03-26 19:19:05] [info] select * from `:table_name` where `type` = '0' and `event` = '-'  and ( `object` like '%毛泽东%' )
[2016-03-26 19:19:07] [info] select * from `:table_name` where `type` = '205' and `event` = '是'  and ( `object` like '%毛泽东%' or  `object` like '%国家%' or  `object` like '%人%' )
[2016-03-26 19:19:10] [info] select * from `:table_name` where `type` = '202' and `event` = '-'  and ( `object` like '%好想%' or  `object` like '%你%' )
[2016-03-26 19:19:11] [info] select * from `:table_name` where `type` = '202' and `event` = '-'  and ( `object` like '%好想%' or  `object` like '%你%' )
[2016-03-26 19:19:12] [info] select * from `:table_name` where `type` = '202' and `event` = '-'  and ( `object` like '%好想%' or  `object` like '%你%' )
[2016-03-26 19:19:14] [info] select * from `:table_name` where `type` = '0' and `event` = '-'  and ( `object` like '%呵呵%' )
[2016-03-26 19:19:15] [info] select * from `:table_name` where `type` = '0' and `event` = '-'  and ( `object` like '%你%' or  `object` like '%大爷%' )
[2016-03-26 19:19:17] [info] select * from `:table_name` where `type` = '0' and `event` = '-'  and ( `object` like '%你%' or  `object` like '%大爷%' )
[2016-03-26 19:19:18] [info] select * from `:table_name` where `type` = '205' and `event` = '是'  and ( `object` like '%我%' or  `object` like '%你%' or  `object` like '%大爷%' )
[2016-03-26 19:19:20] [info] select * from `:table_name` where `type` = '205' and `event` = '是'  and ( `object` like '%你%' or  `object` like '%大爷%' or  `object` like '%我%' )
[2016-03-26 19:19:20] [info] select * from `:table_name` where `type` = '0' and `event` = '-'  and ( `object` like '%哈哈哈%' )
[2016-03-26 19:19:22] [info] select * from `:table_name` where `type` = '0' and `event` = '-'  and ( `object` like '%北京%' )
[2016-03-26 19:19:36] [info] select * from `:table_name` where `type` = '0' and `event` = '-'  and ( `object` like '%呵呵%' or  `object` like '%呵呵%' )
[2016-03-26 19:19:37] [info] select * from `:table_name` where `type` = '0' and `event` = '-'  and ( `object` like '%哇%' or  `object` like '%哈哈哈%' or  `object` like '%哈%' )
[2016-03-26 19:19:40] [info] select * from `:table_name` where `type` = '205' and `event` = '是'  and ( `object` like '%你%' or  `object` like '%真好%' or  `object` like '%我%' or  `object` like '%你%' )
[2016-03-26 19:19:54] [info] select * from `:table_name` where `type` = '205' and `event` = '是'  and ( `object` like '%你%' or  `object` like '%真好%' or  `object` like '%我%' or  `object` like '%你%' )
[2016-03-26 19:20:06] [info] select * from `:table_name` where `type` = '201' and `event` = '介绍'  and ( `object` like '%我%' or  `object` like '%你%' or  `object` like '%产品%' )
[2016-03-26 19:20:08] [info] select * from `:table_name` where `type` = '201' and `event` = '介绍'  and ( `object` like '%我%' or  `object` like '%你%' or  `object` like '%产品%' )
[2016-03-26 19:20:12] [info] select * from `:table_name` where `type` = '0' and `event` = '-'  and ( `object` like '%呵呵%' )
[2016-03-26 19:20:14] [info] select * from `:table_name` where `type` = '0' and `event` = '-'  and ( `object` like '%你%' or  `object` like '%大爷%' )
[2016-03-26 19:20:15] [info] select * from `:table_name` where `type` = '0' and `event` = '-'  and ( `object` like '%我爱你%' )
[2016-03-26 19:20:18] [info] select * from `:table_name` where `type` = '501' and `event` = '是'  and ( `object` like '%我爱你%' )
[2016-03-26 19:20:52] [info] select * from `:table_name` where `type` = '0' and `event` = '-'  and ( `object` like '%紫平方%' )
[2016-03-26 19:21:16] [info] select * from `:table_name` where `type` = '0' and `event` = '-'  and ( `object` like '%呵呵%' )
[2016-03-26 19:30:26] [info] select * from `:table_name` where `type` = '201' and `event` = '喊'  and ( `object` like '%爹%' )
[2016-03-26 19:30:34] [info] select * from `:table_name` where `type` = '202' and `event` = '-'  and ( `object` like '%你%' )
[2016-03-26 19:30:39] [info] select * from `:table_name` where `type` = '0' and `event` = '-'  and ( `object` like '%你%' or  `object` like '%大爷%' )
[2016-03-26 19:30:40] [info] select * from `:table_name` where `type` = '202' and `event` = '-'  and ( `object` like '%好想%' or  `object` like '%你%' )
[2016-03-26 19:30:45] [info] select * from `:table_name` where `type` = '0' and `event` = '-'  and ( `object` like '%北京%' )
[2016-03-26 19:30:48] [info] select * from `:table_name` where `type` = '0' and `event` = '-'  and ( `object` like '%北京%' )
[2016-03-26 19:30:49] [info] select * from `:table_name` where `type` = '0' and `event` = '-'  and ( `object` like '%北京%' )
[2016-03-26 19:30:51] [info] select * from `:table_name` where `type` = '0' and `event` = '-'  and ( `object` like '%上海%' )
[2016-03-26 19:30:53] [info] select * from `:table_name` where `type` = '201' and `event` = '去'  and ( `object` like '%我%' or  `object` like '%上海%' or  `object` like '%怎么办%' )
[2016-03-26 19:31:13] [info] select * from `:table_name` where `type` = '0' and `event` = '-'  and ( `object` like '%上海%' )
[2016-03-26 19:31:15] [info] select * from `:table_name` where `type` = '0' and `event` = '-'  and ( `object` like '%北京%' )
[2016-03-26 19:31:17] [info] select * from `:table_name` where `type` = '0' and `event` = '-'  and ( `object` like '%北京%' )
[2016-03-26 19:31:34] [info] select * from `:table_name` where `type` = '202' and `event` = '-'  and ( `object` like '%魏%' )
[2016-03-26 19:32:08] [info] select * from `:table_name` where `type` = '0' and `event` = '-'  and ( `object` like '%北京%' )
[2016-03-26 19:32:28] [info] select * from `:table_name` where `type` = '0' and `event` = '-'  and ( `object` like '%北京%' )
[2016-03-26 19:32:31] [info] select * from `:table_name` where `type` = '201' and `event` = '请'  and ( `object` like '%黄道%' )
[2016-03-26 19:32:34] [info] select * from `:table_name` where `type` = '0' and `event` = '-'  and ( `object` like '%秦皇岛%' )
[2016-03-26 19:32:36] [info] select * from `:table_name` where `type` = '504' and `event` = '-'  and ( `object` like '%秦皇岛%' )
[2016-03-26 19:32:41] [info] select * from `:table_name` where `type` = '501' and `event` = '有'  and ( `object` like '%秦皇岛%' )
[2016-03-26 19:32:44] [info] select * from `:table_name` where `type` = '203' and `event` = '有'  and ( `object` like '%热水%' )
[2016-03-26 19:32:45] [info] select * from `:table_name` where `type` = '202' and `event` = '-'  and ( `object` like '%好想%' or  `object` like '%你%' )
[2016-03-26 19:32:46] [info] select * from `:table_name` where `type` = '201' and `event` = '介绍'  and ( `object` like '%我%' or  `object` like '%你%' or  `object` like '%产品%' )
[2016-03-26 19:32:54] [info] select * from `:table_name` where `type` = '501' and `event` = '叫'  and ( `object` like '%你%' )
[2016-03-26 19:33:07] [info] select * from `:table_name` where `type` = '501' and `event` = '叫'  and ( `object` like '%你%' )
[2016-03-26 19:33:10] [info] select * from `:table_name` where `type` = '501' and `event` = '补充'  and ( `object` like '%你%' or  `object` like '%工资%' )
[2016-03-26 19:33:14] [info] select * from `:table_name` where `type` = '501' and `event` = '叫'  and ( `object` like '%你%' or  `object` like '%名字%' )
[2016-03-26 19:33:16] [info] select * from `:table_name` where `type` = '502' and `event` = '是'  and ( `object` like '%你%' )
[2016-03-26 19:33:18] [info] select * from `:table_name` where `type` = '502' and `event` = '是'  and ( `object` like '%你%' )
[2016-03-26 19:33:20] [info] select * from `:table_name` where `type` = '202' and `event` = '-'  and ( `object` like '%你%' )
[2016-03-26 19:33:24] [info] select * from `:table_name` where `type` = '205' and `event` = '是'  and ( `object` like '%我%' or  `object` like '%你%' or  `object` like '%亲%' or  `object` like '%爹%' )
[2016-03-26 19:33:27] [info] select * from `:table_name` where `type` = '202' and `event` = '-'  and ( `object` like '%你%' )
[2016-03-26 19:33:31] [info] select * from `:table_name` where `type` = '201' and `event` = '操'  and ( `object` like '%你%' or  `object` like '%大爷%' )
[2016-03-26 19:33:34] [info] select * from `:table_name` where `type` = '0' and `event` = '-'  and ( `object` like '%企鹅%' )
[2016-03-26 19:33:35] [info] select * from `:table_name` where `type` = '0' and `event` = '-'  and ( `object` like '%企鹅%' )
[2016-03-26 19:33:39] [info] select * from `:table_name` where `type` = '506' and `event` = '-'  and ( `object` like '%图灵%' )
[2016-03-26 19:33:42] [info] select * from `:table_name` where `type` = '501' and `event` = '叫'  and ( `object` like '%你%' )
[2016-03-26 19:33:54] [info] select * from `:table_name` where `type` = '501' and `event` = '叫'  and ( `object` like '%你%' )
[2016-03-26 19:37:14] [info] select * from `:table_name` where `type` = '501' and `event` = '叫'  and ( `object` like '%你%' )
[2016-03-26 19:37:22] [info] select * from `:table_name` where `type` = '501' and `event` = '叫'  and ( `object` like '%你%' )
[2016-03-26 19:38:34] [info] select * from `:table_name` where `type` = '501' and `event` = '叫'  and ( `object` like '%你%' )
[2016-03-26 19:38:38] [info] select * from `:table_name` where `type` = '0' and `event` = '-'  and ( `object` like '%呵呵%' )
[2016-03-26 19:38:41] [info] select * from `:table_name` where `type` = '202' and `event` = '-' 
[2016-03-26 19:38:54] [info] select * from `:table_name` where `type` = '0' and `event` = '-'  and ( `object` like '%呵呵%' )
[2016-03-26 19:38:55] [info] select * from `:table_name` where `type` = '202' and `event` = '-' 
[2016-03-26 19:38:56] [info] select * from `:table_name` where `type` = '201' and `event` = '爱'  and ( `object` like '%我%' )
[2016-03-26 19:38:57] [info] select * from `:table_name` where `type` = '0' and `event` = '-'  and ( `object` like '%我爱你%' )
[2016-03-26 19:38:58] [info] select * from `:table_name` where `type` = '0' and `event` = '-'  and ( `object` like '%呵呵%' )
[2016-03-26 19:38:59] [info] select * from `:table_name` where `type` = '0' and `event` = '-'  and ( `object` like '%你%' or  `object` like '%大爷%' )
[2016-03-26 19:39:02] [info] select * from `:table_name` where `type` = '205' and `event` = '是'  and ( `object` like '%我%' or  `object` like '%你%' or  `object` like '%大爷%' )
[2016-03-26 19:39:03] [info] select * from `:table_name` where `type` = '201' and `event` = '死'  and ( `object` like '%你%' )
[2016-03-26 19:39:05] [info] select * from `:table_name` where `type` = '201' and `event` = '逼'  and ( `object` like '%你%' )
[2016-03-26 19:39:07] [info] select * from `:table_name` where `type` = '201' and `event` = '逼'  and ( `object` like '%你%' )
[2016-03-26 19:39:09] [info] select * from `:table_name` where `type` = '0' and `event` = '-'  and ( `object` like '%哈哈哈%' or  `object` like '%哈%' )
[2016-03-26 19:39:48] [info] select * from `:table_name` where `type` = '201' and `event` = '加'  and ( `object` like '%答案%' or  `object` like '%你%' or  `object` like '%你%' or  `object` like '%答案%' or  `object` like '%美女%' or  `object` like '%我%' or  `object` like '%我%' or  `object` like '%越长%' or  `object` like '%你%' )
[2016-03-26 19:39:53] [info] select * from `:table_name` where `type` = '202' and `event` = '-' 
[2016-03-26 19:39:55] [info] select * from `:table_name` where `type` = '204' and `event` = '会' 
[2016-03-26 19:39:58] [info] select * from `:table_name` where `type` = '201' and `event` = '害' 
[2016-03-26 19:45:09] [info] select * from `:table_name` where `type` = '0' and `event` = '-'  and ( `object` like '%你%' or  `object` like '%公司%' )
[2016-03-26 19:45:23] [info] select * from `:table_name` where `type` = '0' and `event` = '-'  and ( `object` like '%北京%' )
[2016-03-26 19:46:12] [info] select * from `:table_name` where `type` = '0' and `event` = '-'  and ( `object` like '%北京%' )
[2016-03-26 19:46:34] [info] select * from `:table_name` where `type` = '0' and `event` = '-' 
[2016-03-26 19:46:35] [info] select * from `:table_name` where `type` = '0' and `event` = '-'  and ( `object` like '%北京%' )
[2016-03-26 19:47:07] [info] select * from `:table_name` where `type` = '0' and `event` = '-'  and ( `object` like '%北京%' )
[2016-03-26 19:47:44] [info] select * from `:table_name` where `type` = '0' and `event` = '-'  and ( `object` like '%北京%' )
[2016-03-26 19:48:06] [info] select * from `:table_name` where `type` = '0' and `event` = '-'  and ( `object` like '%公司%' )
[2016-03-26 19:48:11] [info] select * from `:table_name` where `type` = '0' and `event` = '-'  and ( `object` like '%公司%' )
[2016-03-26 19:48:19] [info] select * from `:table_name` where `type` = '0' and `event` = '-'  and ( `object` like '%公司%' )
[2016-03-26 19:48:26] [info] select * from `:table_name` where `type` = '0' and `event` = '-'  and ( `object` like '%公司%' )
[2016-03-26 19:48:38] [info] select * from `:table_name` where `type` = '0' and `event` = '-'  and ( `object` like '%你%' or  `object` like '%公司%' )
[2016-03-26 19:48:42] [info] select * from `:table_name` where `type` = '0' and `event` = '-'  and ( `object` like '%草%' )
[2016-03-26 19:48:43] [info] select * from `:table_name` where `type` = '201' and `event` = '逼' 
[2016-03-26 19:56:04] [info] select * from `:table_name` where `type` = '0' and `event` = '-'  and ( `object` like '%北京%' )
[2016-03-26 19:56:09] [info] select * from `:table_name` where `type` = '0' and `event` = '-'  and ( `object` like '%桌子%' )
[2016-03-26 19:56:11] [info] select * from `:table_name` where `type` = '0' and `event` = '-'  and ( `object` like '%公司%' )
[2016-03-26 19:56:14] [info] select * from `:table_name` where `type` = '0' and `event` = '-'  and ( `object` like '%你%' or  `object` like '%公司%' )
[2016-03-26 19:56:17] [info] select * from `:table_name` where `type` = '504' and `event` = '-'  and ( `object` like '%你%' or  `object` like '%公司%' )
[2016-03-26 19:56:27] [info] select * from `:table_name` where `type` = '504' and `event` = '-'  and ( `object` like '%你%' or  `object` like '%公司%' )
[2016-03-26 19:56:30] [info] select * from `:table_name` where `type` = '0' and `event` = '-'  and ( `object` like '%呵呵%' )
[2016-03-26 19:56:51] [info] select * from `:table_name` where `type` = '0' and `event` = '-'  and ( `object` like '%你%' or  `object` like '%公司%' )
[2016-03-26 19:56:53] [info] select * from `:table_name` where `type` = '0' and `event` = '-'  and ( `object` like '%公司%' )
[2016-03-26 19:56:54] [info] select * from `:table_name` where `type` = '0' and `event` = '-'  and ( `object` like '%企业%' )
[2016-03-26 19:57:08] [info] select * from `:table_name` where `type` = '201' and `event` = '开户' 
[2016-03-26 19:57:11] [info] select * from `:table_name` where `type` = '504' and `event` = '开户' 
[2016-03-26 19:57:15] [info] select * from `:table_name` where `type` = '201' and `event` = '想开'  and ( `object` like '%户%' )
[2016-03-26 19:57:18] [info] select * from `:table_name` where `type` = '201' and `event` = '想开'  and ( `object` like '%我%' or  `object` like '%户%' )
[2016-03-26 19:58:33] [info] select * from `:table_name` where `type` = '201' and `event` = '走' 
[2016-03-26 19:58:34] [info] select * from `:table_name` where `type` = '201' and `event` = '开' 
[2016-03-26 19:58:38] [info] select * from `:table_name` where `type` = '201' and `event` = '开户' 
[2016-03-26 19:58:39] [info] select * from `:table_name` where `type` = '0' and `event` = '-'  and ( `object` like '%哈哈%' )
[2016-03-26 19:58:42] [info] select * from `:table_name` where `type` = '0' and `event` = '-' 
[2016-03-26 20:05:41] [info] select * from `:table_name` where `type` = '0' and `event` = '-'  and ( `object` like '%公司%' )
[2016-03-26 20:05:43] [info] select * from `:table_name` where `type` = '0' and `event` = '-'  and ( `object` like '%你%' or  `object` like '%公司%' )
[2016-03-26 20:05:46] [info] select * from `:table_name` where `type` = '201' and `event` = '做'  and ( `object` like '%你%' or  `object` like '%公司%' or  `object` like '%网站%' )
[2016-03-26 20:05:48] [info] select * from `:table_name` where `type` = '201' and `event` = '做'  and ( `object` like '%你%' or  `object` like '%公司%' or  `object` like '%网站%' )
[2016-03-26 20:05:49] [info] select * from `:table_name` where `type` = '201' and `event` = '做'  and ( `object` like '%你%' or  `object` like '%公司%' or  `object` like '%网站%' )
[2016-03-26 20:05:50] [info] select * from `:table_name` where `type` = '201' and `event` = '做'  and ( `object` like '%你%' or  `object` like '%公司%' or  `object` like '%网站%' )
[2016-03-26 20:05:50] [info] select * from `:table_name` where `type` = '201' and `event` = '做人'  and ( `object` like '%你%' or  `object` like '%公司%' )
[2016-03-26 20:05:51] [info] select * from `:table_name` where `type` = '201' and `event` = '打人'  and ( `object` like '%你%' or  `object` like '%公司%' )
[2016-03-26 20:05:52] [info] select * from `:table_name` where `type` = '201' and `event` = '做'  and ( `object` like '%你%' or  `object` like '%公司%' or  `object` like '%网站%' )
[2016-03-26 20:05:53] [info] select * from `:table_name` where `type` = '201' and `event` = '做'  and ( `object` like '%你%' or  `object` like '%公司%' or  `object` like '%软件%' )
[2016-03-26 20:05:54] [info] select * from `:table_name` where `type` = '201' and `event` = '做人'  and ( `object` like '%你%' or  `object` like '%公司%' )
[2016-03-26 20:05:56] [info] select * from `:table_name` where `type` = '201' and `event` = '做'  and ( `object` like '%你%' or  `object` like '%公司%' or  `object` like '%网站%' )
[2016-03-26 20:05:57] [info] select * from `:table_name` where `type` = '201' and `event` = '做'  and ( `object` like '%你%' or  `object` like '%公司%' or  `object` like '%网站%' )
[2016-03-26 20:05:58] [info] select * from `:table_name` where `type` = '201' and `event` = '做人'  and ( `object` like '%你%' or  `object` like '%公司%' )
[2016-03-26 20:43:22] [info] select * from `:table_name` where `type` = '201' and `event` = '吃饭' 
[2016-03-26 20:43:26] [info] select * from `:table_name` where `type` = '0' and `event` = '-'  and ( `object` like '%你%' or  `object` like '%公司%' )
[2016-03-26 20:43:32] [info] select * from `:table_name` where `type` = '504' and `event` = '-'  and ( `object` like '%你%' or  `object` like '%公司%' )
[2016-03-26 20:43:36] [info] select * from `:table_name` where `type` = '202' and `event` = '-'  and ( `object` like '%你%' or  `object` like '%公司%' )
[2016-03-26 20:43:37] [info] select * from `:table_name` where `type` = '0' and `event` = '-'  and ( `object` like '%哈哈%' )
[2016-03-26 20:43:44] [info] select * from `:table_name` where `type` = '501' and `event` = '有'  and ( `object` like '%你%' or  `object` like '%公司%' or  `object` like '%案例%' )
[2016-03-26 20:47:35] [info] select * from `:table_name` where `type` = '0' and `event` = '-'  and ( `object` like '%我爱你%' )
[2016-03-26 20:49:22] [info] select * from `:table_name` where `type` = '0' and `event` = '-'  and ( `object` like '%我爱你%' )
[2016-03-26 20:49:35] [info] select * from `:table_name` where `type` = '0' and `event` = '-'  and ( `object` like '%我爱你%' )
[2016-03-26 20:50:01] [info] select * from `:table_name` where `type` = '0' and `event` = '-'  and ( `object` like '%呵呵%' )
[2016-03-26 20:50:03] [info] select * from `:table_name` where `type` = '0' and `event` = '-'  and ( `object` like '%你%' or  `object` like '%大爷%' )
[2016-03-26 20:50:06] [info] select * from `:table_name` where `type` = '0' and `event` = '-'  and ( `object` like '%你%' or  `object` like '%大爷%' )
[2016-03-26 20:50:07] [info] select * from `:table_name` where `type` = '0' and `event` = '-'  and ( `object` like '%你%' or  `object` like '%大爷%' )
[2016-03-26 20:50:07] [info] select * from `:table_name` where `type` = '0' and `event` = '-'  and ( `object` like '%你%' or  `object` like '%大爷%' )
[2016-03-26 20:50:07] [info] select * from `:table_name` where `type` = '0' and `event` = '-'  and ( `object` like '%你%' or  `object` like '%大爷%' )
[2016-03-26 20:50:07] [info] select * from `:table_name` where `type` = '0' and `event` = '-'  and ( `object` like '%你%' or  `object` like '%大爷%' )
[2016-03-26 20:50:08] [info] select * from `:table_name` where `type` = '0' and `event` = '-'  and ( `object` like '%你%' or  `object` like '%大爷%' )
[2016-03-26 20:50:08] [info] select * from `:table_name` where `type` = '0' and `event` = '-'  and ( `object` like '%你%' or  `object` like '%大爷%' )
[2016-03-26 20:50:09] [info] select * from `:table_name` where `type` = '0' and `event` = '-'  and ( `object` like '%你%' or  `object` like '%大爷%' )
[2016-03-26 20:50:09] [info] select * from `:table_name` where `type` = '0' and `event` = '-'  and ( `object` like '%你%' or  `object` like '%大爷%' )
[2016-03-26 20:50:10] [info] select * from `:table_name` where `type` = '0' and `event` = '-'  and ( `object` like '%你%' or  `object` like '%大爷%' )
[2016-03-26 20:50:10] [info] select * from `:table_name` where `type` = '0' and `event` = '-'  and ( `object` like '%你%' or  `object` like '%大爷%' )
[2016-03-26 20:50:18] [info] select * from `:table_name` where `type` = '0' and `event` = '-'  and ( `object` like '%你%' or  `object` like '%大爷%' )
[2016-03-26 20:50:40] [info] select * from `:table_name` where `type` = '201' and `event` = '打'  and ( `object` like '%你%' )
[2016-03-26 20:50:44] [info] select * from `:table_name` where `type` = '201' and `event` = '打死'  and ( `object` like '%你%' )
[2016-03-26 20:50:47] [info] select * from `:table_name` where `type` = '201' and `event` = '打'  and ( `object` like '%你%' )
[2016-03-26 20:50:49] [info] select * from `:table_name` where `type` = '0' and `event` = '-' 
[2016-03-26 20:50:52] [info] select * from `:table_name` where `type` = '201' and `event` = '打'  and ( `object` like '%你%' )
[2016-03-26 20:51:00] [info] select * from `:table_name` where `type` = '201' and `event` = '打'  and ( `object` like '%你%' )
[2016-03-26 20:51:06] [info] select * from `:table_name` where `type` = '201' and `event` = '打死'  and ( `object` like '%你%' or  `object` like '%大爷%' )
[2016-03-26 20:51:10] [info] select * from `:table_name` where `type` = '201' and `event` = '介绍'  and ( `object` like '%公司%' )
[2016-03-26 20:51:35] [info] select * from `:table_name` where `type` = '201' and `event` = '介绍'  and ( `object` like '%公司%' )
[2016-03-26 20:51:53] [info] select * from `:table_name` where `type` = '201' and `event` = '介绍'  and ( `object` like '%公司%' )
[2016-03-26 20:52:09] [info] select * from `:table_name` where `type` = '201' and `event` = '介绍'  and ( `object` like '%你%' or  `object` like '%公司%' )
[2016-03-26 20:52:16] [info] select * from `:table_name` where `type` = '201' and `event` = '介绍'  and ( `object` like '%公司%' )
[2016-03-26 20:52:21] [info] select * from `:table_name` where `type` = '201' and `event` = '介绍'  and ( `object` like '%你%' or  `object` like '%公司%' )
[2016-03-26 20:52:25] [info] select * from `:table_name` where `type` = '201' and `event` = '介绍'  and ( `object` like '%我%' or  `object` like '%你%' or  `object` like '%产品%' )
[2016-03-26 20:52:27] [info] select * from `:table_name` where `type` = '201' and `event` = '介绍'  and ( `object` like '%我%' or  `object` like '%你%' or  `object` like '%产品%' )
[2016-03-26 20:52:28] [info] select * from `:table_name` where `type` = '201' and `event` = '介绍'  and ( `object` like '%我%' or  `object` like '%你%' or  `object` like '%产品%' )
[2016-03-26 20:52:38] [info] select * from `:table_name` where `type` = '201' and `event` = '介绍'  and ( `object` like '%我%' or  `object` like '%你%' or  `object` like '%产品%' )
[2016-03-26 20:52:39] [info] select * from `:table_name` where `type` = '201' and `event` = '介绍'  and ( `object` like '%我%' or  `object` like '%你%' or  `object` like '%产品%' )
[2016-03-26 20:52:45] [info] select * from `:table_name` where `type` = '201' and `event` = '介绍'  and ( `object` like '%你%' or  `object` like '%产品%' )
[2016-03-26 20:52:50] [info] select * from `:table_name` where `type` = '201' and `event` = '介绍'  and ( `object` like '%我%' or  `object` like '%你%' or  `object` like '%产品%' )
[2016-03-26 20:52:51] [info] select * from `:table_name` where `type` = '201' and `event` = '介绍'  and ( `object` like '%我%' or  `object` like '%你%' or  `object` like '%产品%' )
[2016-03-26 20:53:13] [info] select * from `:table_name` where `type` = '201' and `event` = '介绍'  and ( `object` like '%我%' or  `object` like '%你%' or  `object` like '%产品%' )
[2016-03-26 20:54:36] [info] select * from `:table_name` where `type` = '201' and `event` = '介绍'  and ( `object` like '%我%' or  `object` like '%你%' or  `object` like '%产品%' )
[2016-03-26 20:54:37] [info] select * from `:table_name` where `type` = '201' and `event` = '介绍'  and ( `object` like '%我%' or  `object` like '%你%' or  `object` like '%产品%' )
[2016-03-26 20:54:38] [info] select * from `:table_name` where `type` = '201' and `event` = '介绍'  and ( `object` like '%我%' or  `object` like '%你%' or  `object` like '%产品%' )
[2016-03-26 20:54:40] [info] select * from `:table_name` where `type` = '201' and `event` = '介绍'  and ( `object` like '%我%' or  `object` like '%你%' or  `object` like '%产品%' )
[2016-03-26 20:55:51] [info] select * from `:table_name` where `type` = '201' and `event` = '介绍'  and ( `object` like '%我%' or  `object` like '%你%' or  `object` like '%产品%' )
[2016-03-26 20:55:56] [info] select * from `:table_name` where `type` = '201' and `event` = '介绍'  and ( `object` like '%我%' or  `object` like '%你%' or  `object` like '%产品%' )
[2016-03-26 20:56:08] [info] select * from `:table_name` where `type` = '201' and `event` = '介绍'  and ( `object` like '%我%' or  `object` like '%你%' or  `object` like '%产品%' )
[2016-03-26 20:56:09] [info] select * from `:table_name` where `type` = '201' and `event` = '介绍'  and ( `object` like '%我%' or  `object` like '%你%' or  `object` like '%产品%' )
[2016-03-26 20:56:11] [info] select * from `:table_name` where `type` = '201' and `event` = '介绍'  and ( `object` like '%我%' or  `object` like '%你%' or  `object` like '%产品%' )
[2016-03-26 20:56:12] [info] select * from `:table_name` where `type` = '201' and `event` = '介绍'  and ( `object` like '%我%' or  `object` like '%你%' or  `object` like '%产品%' )
[2016-03-26 20:56:22] [info] select * from `:table_name` where `type` = '0' and `event` = '-'  and ( `object` like '%你%' or  `object` like '%公司%' )
[2016-03-26 20:56:25] [info] select * from `:table_name` where `type` = '201' and `event` = '介绍'  and ( `object` like '%公司%' )
[2016-03-26 20:56:28] [info] select * from `:table_name` where `type` = '201' and `event` = '介绍'  and ( `object` like '%你%' or  `object` like '%公司%' )
[2016-03-26 20:56:37] [info] select * from `:table_name` where `type` = '201' and `event` = '介绍'  and ( `object` like '%你%' or  `object` like '%产品%' )
[2016-03-26 20:57:06] [info] select * from `:table_name` where `type` = '201' and `event` = '开户' 
[2016-03-26 20:57:09] [info] select * from `:table_name` where `type` = '201' and `event` = '想开'  and ( `object` like '%我%' or  `object` like '%户%' )
[2016-03-26 20:57:11] [info] select * from `:table_name` where `type` = '504' and `event` = '开户' 
[2016-03-26 21:17:30] [info] select * from `:table_name` where `type` = '201' and `event` = '介绍'  and ( `object` like '%公司%' )
[2016-03-26 21:18:22] [info] select * from `:table_name` where `type` = '201' and `event` = '介绍'  and ( `object` like '%公司%' )
[2016-03-26 21:18:58] [info] select * from `:table_name` where `type` = '201' and `event` = '介绍'  and ( `object` like '%公司%' )
[2016-03-26 21:24:52] [info] select * from `:table_name` where `type` = '0' and `event` = '-'  and ( `object` like '%北京%' or  `object` like '%紫平方%' )
