[2016-03-24 08:58:17] [info] select * from `:table_name` where `type` = '202' and `event` = '-'  and ( `object` like '%你%' )
[2016-03-24 08:59:29] [info] select * from `:table_name` where `type` = '0' and `event` = '-'  and ( `object` like '%你%' or  `object` like '%大爷%' )
[2016-03-24 08:59:56] [info] select * from `:table_name` where `type` = '0' and `event` = '-'  and ( `object` like '%我要%' or  `object` like '%热水%' )
[2016-03-24 09:00:10] [info] select * from `:table_name` where `type` = '0' and `event` = '-'  and ( `object` like '%我要%' or  `object` like '%热水%' )
[2016-03-24 09:00:47] [info] select * from `:table_name` where `type` = '0' and `event` = '-'  and ( `object` like '%我要%' or  `object` like '%热水%' )
[2016-03-24 09:02:06] [info] select * from `:table_name` where `type` = '0' and `event` = '-'  and ( `object` like '%我要%' or  `object` like '%热水%' )
[2016-03-24 09:02:43] [info] select * from `:table_name` where `type` = '0' and `event` = '-'  and ( `object` like '%我要%' or  `object` like '%热水%' )
[2016-03-24 09:03:28] [info] select * from `:table_name` where `type` = '0' and `event` = '-'  and ( `object` like '%我要%' or  `object` like '%热水%' )
[2016-03-24 09:04:38] [info] select * from `:table_name` where `type` = '0' and `event` = '-'  and ( `object` like '%我要%' or  `object` like '%热水%' )
[2016-03-24 09:04:42] [info] select * from `:table_name` where `type` = '0' and `event` = '-'  and ( `object` like '%我要%' or  `object` like '%热水%' )
[2016-03-24 09:04:45] [info] select * from `:table_name` where `type` = '0' and `event` = '-'  and ( `object` like '%我要%' or  `object` like '%热水%' )
[2016-03-24 09:05:00] [info] select * from `:table_name` where `type` = '0' and `event` = '-'  and ( `object` like '%我要%' or  `object` like '%热水%' )
[2016-03-24 09:05:50] [info] select * from `:table_name` where `type` = '0' and `event` = '-'  and ( `object` like '%我要%' or  `object` like '%热水%' )
[2016-03-24 09:12:00] [info] select * from `:table_name` where `type` = '0' and `event` = '-'  and ( `object` like '%我要%' or  `object` like '%热水%' )
[2016-03-24 09:19:59] [info] select * from `:table_name` where `type` = '0' and `event` = '-'  and ( `object` like '%我要%' or  `object` like '%热水%' )
[2016-03-24 09:20:09] [info] select * from `:table_name` where `type` = '0' and `event` = '-'  and ( `object` like '%我要%' or  `object` like '%热水%' )
[2016-03-24 09:20:18] [info] select * from `:table_name` where `type` = '0' and `event` = '-'  and ( `object` like '%我要%' or  `object` like '%热水%' )
[2016-03-24 09:21:50] [info] select * from `:table_name` where `type` = '0' and `event` = '-'  and ( `object` like '%我要%' or  `object` like '%热水%' )
[2016-03-24 09:22:43] [info] select * from `:table_name` where `type` = '0' and `event` = '-'  and ( `object` like '%我要%' or  `object` like '%热水%' )
[2016-03-24 09:23:09] [info] select * from `:table_name` where `type` = '0' and `event` = '-'  and ( `object` like '%你%' or  `object` like '%大爷%' )
[2016-03-24 09:23:32] [info] select * from `:table_name` where `type` = '201' and `event` = '打'  and ( `object` like '%水%' or  `object` like '%我要%' or  `object` like '%水%' )
[2016-03-24 09:23:40] [info] select * from `:table_name` where `type` = '507' and `event` = '打'  and ( `object` like '%水%' )
[2016-03-24 09:24:09] [info] select * from `:table_name` where `type` = '201' and `event` = '介绍'  and ( `object` like '%圆明园%' )
[2016-03-24 09:24:13] [info] select * from `:table_name` where `type` = '0' and `event` = '-'  and ( `object` like '%圆明园%' )
[2016-03-24 09:24:15] [info] select * from `:table_name` where `type` = '504' and `event` = '-'  and ( `object` like '%圆明园%' )
[2016-03-24 09:24:32] [info] select * from `:table_name` where `type` = '0' and `event` = '-'  and ( `object` like '%毛泽东%' or  `object` like '%姓名%' )
[2016-03-24 09:24:39] [info] select * from `:table_name` where `type` = '507' and `event` = '-'  and ( `object` like '%毛泽东%' or  `object` like '%人%' )
[2016-03-24 09:24:46] [info] select * from `:table_name` where `type` = '0' and `event` = '-'  and ( `object` like '%哈哈哈%' )
[2016-03-24 09:24:48] [info] select * from `:table_name` where `type` = '201' and `event` = '呼'  and ( `object` like '%呼呼%' )
[2016-03-24 09:24:52] [info] select * from `:table_name` where `type` = '0' and `event` = '-'  and ( `object` like '%蒙古国家大呼拉尔%' )
[2016-03-24 09:24:53] [info] select * from `:table_name` where `type` = '507' and `event` = '-'  and ( `object` like '%蒙古国家大呼拉尔%' )
[2016-03-24 09:25:05] [info] select * from `:table_name` where `type` = '0' and `event` = '-'  and ( `object` like '%下雨天%' )
[2016-03-24 09:25:08] [info] select * from `:table_name` where `type` = '0' and `event` = '-'  and ( `object` like '%下雨天%' )
[2016-03-24 09:25:11] [info] select * from `:table_name` where `type` = '201' and `event` = '下雨' 
[2016-03-24 09:25:13] [info] select * from `:table_name` where `type` = '201' and `event` = '下雨'  and ( `object` like '%表面%' )
[2016-03-24 09:25:50] [info] select * from `:table_name` where `type` = '201' and `event` = '下雨'  and ( `object` like '%表面%' )
[2016-03-24 09:27:09] [info] select * from `:table_name` where `type` = '201' and `event` = '下雨'  and ( `object` like '%表面%' )
[2016-03-24 09:27:25] [info] select * from `:table_name` where `type` = '201' and `event` = '下雨'  and ( `object` like '%表面%' )
[2016-03-24 09:28:04] [info] select * from `:table_name` where `type` = '201' and `event` = '下雨'  and ( `object` like '%表面%' )
[2016-03-24 09:28:54] [info] select * from `:table_name` where `type` = '201' and `event` = '下雨'  and ( `object` like '%表面%' )
[2016-03-24 09:29:46] [info] select * from `:table_name` where `type` = '201' and `event` = '下雨'  and ( `object` like '%表面%' )
[2016-03-24 09:32:56] [info] select * from `:table_name` where `type` = '0' and `event` = '-'  and ( `object` like '%表面%' or  `object` like '%下月%' )
[2016-03-24 09:33:03] [info] select * from `:table_name` where `type` = '201' and `event` = '下雨'  and ( `object` like '%表面%' )
[2016-03-24 09:33:39] [info] select * from `:table_name` where `type` = '201' and `event` = '下雨'  and ( `object` like '%表面%' )
[2016-03-24 09:33:49] [info] select * from `:table_name` where `type` = '0' and `event` = '-' 
[2016-03-24 09:34:11] [info] select * from `:table_name` where `type` = '201' and `event` = '下雨'  and ( `object` like '%表面%' )
[2016-03-24 09:34:34] [info] select * from `:table_name` where `type` = '201' and `event` = '下雨'  and ( `object` like '%表面%' )
[2016-03-24 09:34:45] [info] select * from `:table_name` where `type` = '204' and `event` = '下雨'  and ( `object` like '%表面%' )
[2016-03-24 09:34:56] [info] select * from `:table_name` where `type` = '0' and `event` = '-'  and ( `object` like '%表面%' or  `object` like '%下月%' )
[2016-03-24 09:35:05] [info] select * from `:table_name` where `type` = '201' and `event` = '下雨'  and ( `object` like '%表面%' )
[2016-03-24 09:35:41] [info] select * from `:table_name` where `type` = '201' and `event` = '下雨'  and ( `object` like '%表面%' )
[2016-03-24 09:35:58] [info] select * from `:table_name` where `type` = '201' and `event` = '下雨'  and ( `object` like '%表面%' )
[2016-03-24 09:36:42] [info] select * from `:table_name` where `type` = '201' and `event` = '下雨'  and ( `object` like '%表面%' )
[2016-03-24 09:37:04] [info] select * from `:table_name` where `type` = '201' and `event` = '下雨'  and ( `object` like '%表面%' )
[2016-03-24 09:37:25] [info] select * from `:table_name` where `type` = '201' and `event` = '下雨'  and ( `object` like '%表面%' )
[2016-03-24 09:37:53] [info] select * from `:table_name` where `type` = '201' and `event` = '下雨'  and ( `object` like '%表面%' )
[2016-03-24 09:38:21] [info] select * from `:table_name` where `type` = '201' and `event` = '下雨'  and ( `object` like '%表面%' )
[2016-03-24 09:40:02] [info] select * from `:table_name` where `type` = '201' and `event` = '下雨'  and ( `object` like '%表面%' )
[2016-03-24 09:40:28] [info] select * from `:table_name` where `type` = '201' and `event` = '下雨'  and ( `object` like '%表面%' )
[2016-03-24 09:41:12] [info] select * from `:table_name` where `type` = '0' and `event` = '-'  and ( `object` like '%我要%' or  `object` like '%热水%' )
[2016-03-24 09:51:01] [info] select * from `:table_name` where `type` = '0' and `event` = '-'  and ( `object` like '%你%' or  `object` like '%好呀%' )
[2016-03-24 09:51:06] [info] select * from `:table_name` where `type` = '201' and `event` = '拜拜'  and ( `object` like '%你%' or  `object` like '%大爷%' )
[2016-03-24 09:51:08] [info] select * from `:table_name` where `type` = '205' and `event` = '-'  and ( `object` like '%我%' or  `object` like '%你%' or  `object` like '%大爷%' )
[2016-03-24 09:51:11] [info] select * from `:table_name` where `type` = '201' and `event` = '拜拜' 
[2016-03-24 09:51:15] [info] select * from `:table_name` where `type` = '0' and `event` = '-'  and ( `object` like '%呵呵%' or  `object` like '%呵%' )
[2016-03-24 09:51:16] [info] select * from `:table_name` where `type` = '0' and `event` = '-'  and ( `object` like '%我%' )
[2016-03-24 09:51:17] [info] select * from `:table_name` where `type` = '0' and `event` = '-'  and ( `object` like '%我爱你%' )
[2016-03-24 09:51:19] [info] select * from `:table_name` where `type` = '201' and `event` = '死'  and ( `object` like '%你%' )
[2016-03-24 09:53:19] [info] select * from `:table_name` where `type` = '201' and `event` = '死'  and ( `object` like '%你%' )
[2016-03-24 09:54:07] [info] select * from `:table_name` where `type` = '201' and `event` = '死'  and ( `object` like '%你%' )
[2016-03-24 09:54:11] [info] select * from `:table_name` where `type` = '501' and `event` = '叫'  and ( `object` like '%你%' )
[2016-03-24 09:54:16] [info] select * from `:table_name` where `type` = '502' and `event` = '-'  and ( `object` like '%你%' or  `object` like '%名字%' )
[2016-03-24 09:54:18] [info] select * from `:table_name` where `type` = '502' and `event` = '-'  and ( `object` like '%毛泽东%' )
[2016-03-24 09:54:33] [info] select * from `:table_name` where `type` = '502' and `event` = '-'  and ( `object` like '%毛泽东%' )
[2016-03-24 09:54:46] [info] select * from `:table_name` where `type` = '502' and `event` = '-'  and ( `object` like '%毛泽东%' )
[2016-03-24 09:55:15] [info] select * from `:table_name` where `type` = '502' and `event` = '-'  and ( `object` like '%毛泽东%' )
[2016-03-24 09:56:48] [info] select * from `:table_name` where `type` = '502' and `event` = '-'  and ( `object` like '%毛泽东%' )
[2016-03-24 09:57:12] [info] select * from `:table_name` where `type` = '502' and `event` = '-'  and ( `object` like '%毛泽东%' )
[2016-03-24 09:57:26] [info] select * from `:table_name` where `type` = '502' and `event` = '-'  and ( `object` like '%毛泽东%' )
[2016-03-24 09:57:50] [info] select * from `:table_name` where `type` = '201' and `event` = '下雨'  and ( `object` like '%表面%' )
[2016-03-24 09:58:03] [info] select * from `:table_name` where `type` = '201' and `event` = '下雨'  and ( `object` like '%表面%' )
[2016-03-24 09:58:21] [info] select * from `:table_name` where `type` = '0' and `event` = '-'  and ( `object` like '%事实%' )
[2016-03-24 09:58:24] [info] select * from `:table_name` where `type` = '501' and `event` = '-'  and ( `object` like '%事实%' )
[2016-03-24 09:58:46] [info] select * from `:table_name` where `type` = '202' and `event` = '-'  and ( `object` like '%我%' or  `object` like '%我%' )
[2016-03-24 09:58:48] [info] select * from `:table_name` where `type` = '0' and `event` = '-'  and ( `object` like '%唉%' )
[2016-03-24 09:58:52] [info] select * from `:table_name` where `type` = '202' and `event` = '不容'  and ( `object` like '%啊%' )
[2016-03-24 09:58:54] [info] select * from `:table_name` where `type` = '201' and `event` = '哭'  and ( `object` like '%我要%' )
[2016-03-24 09:58:56] [info] select * from `:table_name` where `type` = '501' and `event` = '不容'  and ( `object` like '%利益%' )
[2016-03-24 09:58:59] [info] select * from `:table_name` where `type` = '0' and `event` = '-'  and ( `object` like '%间不容缕%' )
[2016-03-24 09:59:01] [info] select * from `:table_name` where `type` = '501' and `event` = '-'  and ( `object` like '%间不容缕%' )
[2016-03-24 09:59:03] [info] select * from `:table_name` where `type` = '510' and `event` = '-'  and ( `object` like '%间不容缕%' )
[2016-03-24 09:59:08] [info] select * from `:table_name` where `type` = '504' and `event` = '-'  and ( `object` like '%你%' )
[2016-03-24 09:59:13] [info] select * from `:table_name` where `type` = '202' and `event` = '-'  and ( `object` like '%你%' )
[2016-03-24 10:02:37] [info] select * from `:table_name` where `type` = '501' and `event` = '-'  and ( `object` like '%事实%' )
[2016-03-24 10:02:50] [info] select * from `:table_name` where `type` = '202' and `event` = '-'  and ( `object` like '%你%' )
[2016-03-24 10:03:51] [info] select * from `:table_name` where `type` = '202' and `event` = '-'  and ( `object` like '%你%' )
[2016-03-24 10:08:03] [info] select * from `:table_name` where `type` = '202' and `event` = '-'  and ( `object` like '%你%' )
[2016-03-24 10:08:10] [info] select * from `:table_name` where `type` = '202' and `event` = '-'  and ( `object` like '%你%' )
[2016-03-24 10:08:23] [info] select * from `:table_name` where `type` = '203' and `event` = '-'  and ( `object` like '%热水%' )
[2016-03-24 10:08:35] [info] select * from `:table_name` where `type` = '203' and `event` = '-'  and ( `object` like '%热水%' )
[2016-03-24 10:08:51] [info] select * from `:table_name` where `type` = '0' and `event` = '-'  and ( `object` like '%你%' or  `object` like '%大爷%' )
[2016-03-24 10:09:10] [info] select * from `:table_name` where `type` = '0' and `event` = '-'  and ( `object` like '%你%' or  `object` like '%大爷%' )
[2016-03-24 10:09:11] [info] select * from `:table_name` where `type` = '0' and `event` = '-'  and ( `object` like '%你%' or  `object` like '%大爷%' )
[2016-03-24 10:09:12] [info] select * from `:table_name` where `type` = '0' and `event` = '-'  and ( `object` like '%你%' or  `object` like '%大爷%' )
[2016-03-24 10:09:13] [info] select * from `:table_name` where `type` = '0' and `event` = '-'  and ( `object` like '%你%' or  `object` like '%大爷%' )
[2016-03-24 10:09:14] [info] select * from `:table_name` where `type` = '0' and `event` = '-'  and ( `object` like '%你%' or  `object` like '%大爷%' )
[2016-03-24 10:09:15] [info] select * from `:table_name` where `type` = '0' and `event` = '-'  and ( `object` like '%你%' or  `object` like '%大爷%' )
[2016-03-24 10:11:50] [info] select * from `:table_name` where `type` = '0' and `event` = '-'  and ( `object` like '%你%' or  `object` like '%大爷%' )
[2016-03-24 10:11:51] [info] select * from `:table_name` where `type` = '0' and `event` = '-'  and ( `object` like '%你%' or  `object` like '%大爷%' )
[2016-03-24 10:11:52] [info] select * from `:table_name` where `type` = '0' and `event` = '-'  and ( `object` like '%你%' or  `object` like '%大爷%' )
[2016-03-24 10:12:38] [info] select * from `:table_name` where `type` = '0' and `event` = '-'  and ( `object` like '%你%' or  `object` like '%芽儿%' )
[2016-03-24 10:12:39] [info] select * from `:table_name` where `type` = '0' and `event` = '-'  and ( `object` like '%你%' or  `object` like '%大爷%' )
[2016-03-24 10:12:40] [info] select * from `:table_name` where `type` = '0' and `event` = '-'  and ( `object` like '%你%' or  `object` like '%大爷%' )
[2016-03-24 10:13:07] [info] select * from `:table_name` where `type` = '202' and `event` = '测试'  and ( `object` like '%我要%' or  `object` like '%库%' )
[2016-03-24 10:13:10] [info] select * from `:table_name` where `type` = '202' and `event` = '测试'  and ( `object` like '%我要%' or  `object` like '%库%' )
[2016-03-24 10:13:22] [info] select * from `:table_name` where `type` = '202' and `event` = '测试'  and ( `object` like '%我要%' or  `object` like '%库%' )
[2016-03-24 10:13:27] [info] select * from `:table_name` where `type` = '202' and `event` = '测试'  and ( `object` like '%我要%' or  `object` like '%库%' )
[2016-03-24 12:35:06] [info] select * from `:table_name` where `type` = '202' and `event` = '-'  and ( `object` like '%你%' )
[2016-03-24 12:35:14] [info] select * from `:table_name` where `type` = '202' and `event` = '-'  and ( `object` like '%你%' )
[2016-03-24 12:35:32] [info] select * from `:table_name` where `type` = '202' and `event` = '-'  and ( `object` like '%你%' )
[2016-03-24 12:35:33] [info] select * from `:table_name` where `type` = '501' and `event` = '叫'  and ( `object` like '%你%' )
[2016-03-24 12:35:41] [info] select * from `:table_name` where `type` = '202' and `event` = '-'  and ( `object` like '%你%' )
[2016-03-24 12:35:42] [info] select * from `:table_name` where `type` = '501' and `event` = '叫'  and ( `object` like '%你%' )
[2016-03-24 12:35:44] [info] select * from `:table_name` where `type` = '0' and `event` = '-'  and ( `object` like '%哦%' )
[2016-03-24 12:35:45] [info] select * from `:table_name` where `type` = '0' and `event` = '-'  and ( `object` like '%哈哈%' )
[2016-03-24 12:35:46] [info] select * from `:table_name` where `type` = '202' and `event` = '-' 
[2016-03-24 12:35:48] [info] select * from `:table_name` where `type` = '201' and `event` = '爱'  and ( `object` like '%我%' )
[2016-03-24 12:35:54] [info] select * from `:table_name` where `type` = '201' and `event` = '介绍'  and ( `object` like '%我%' or  `object` like '%你%' or  `object` like '%产品%' )
[2016-03-24 12:36:02] [info] select * from `:table_name` where `type` = '201' and `event` = '介绍'  and ( `object` like '%我%' or  `object` like '%你%' or  `object` like '%产品%' )
[2016-03-24 12:36:04] [info] select * from `:table_name` where `type` = '201' and `event` = '介绍'  and ( `object` like '%我%' or  `object` like '%你%' or  `object` like '%产品%' )
[2016-03-24 12:36:04] [info] select * from `:table_name` where `type` = '201' and `event` = '介绍'  and ( `object` like '%我%' or  `object` like '%你%' or  `object` like '%产品%' )
[2016-03-24 12:36:05] [info] select * from `:table_name` where `type` = '201' and `event` = '介绍'  and ( `object` like '%我%' or  `object` like '%你%' or  `object` like '%产品%' )
[2016-03-24 12:36:05] [info] select * from `:table_name` where `type` = '201' and `event` = '介绍'  and ( `object` like '%我%' or  `object` like '%你%' or  `object` like '%产品%' )
[2016-03-24 12:36:06] [info] select * from `:table_name` where `type` = '201' and `event` = '介绍'  and ( `object` like '%我%' or  `object` like '%你%' or  `object` like '%产品%' )
[2016-03-24 12:36:06] [info] select * from `:table_name` where `type` = '201' and `event` = '介绍'  and ( `object` like '%我%' or  `object` like '%你%' or  `object` like '%产品%' )
[2016-03-24 12:36:06] [info] select * from `:table_name` where `type` = '201' and `event` = '介绍'  and ( `object` like '%我%' or  `object` like '%你%' or  `object` like '%产品%' )
[2016-03-24 12:36:07] [info] select * from `:table_name` where `type` = '201' and `event` = '介绍'  and ( `object` like '%我%' or  `object` like '%你%' or  `object` like '%产品%' )
[2016-03-24 12:36:07] [info] select * from `:table_name` where `type` = '201' and `event` = '介绍'  and ( `object` like '%我%' or  `object` like '%你%' or  `object` like '%产品%' )
[2016-03-24 12:36:07] [info] select * from `:table_name` where `type` = '201' and `event` = '介绍'  and ( `object` like '%我%' or  `object` like '%你%' or  `object` like '%产品%' )
[2016-03-24 12:36:07] [info] select * from `:table_name` where `type` = '201' and `event` = '介绍'  and ( `object` like '%我%' or  `object` like '%你%' or  `object` like '%产品%' )
[2016-03-24 13:29:41] [info] select * from `:table_name` where `type` = '202' and `event` = '-'  and ( `object` like '%你%' )
[2016-03-24 13:29:42] [info] select * from `:table_name` where `type` = '501' and `event` = '叫'  and ( `object` like '%你%' )
[2016-03-24 13:29:54] [info] select * from `:table_name` where `type` = '501' and `event` = '叫'  and ( `object` like '%你%' )
