[2016-03-25 10:27:40] [info] select * from `:table_name` where `type` = '202' and `event` = '-'  and ( `object` like '%你%' )
[2016-03-25 13:47:10] [info] select * from `:table_name` where `type` = '202' and `event` = '挤'  and ( `object` like '%我%' )
[2016-03-25 14:28:10] [info] select * from `:table_name` where `type` = '504' and `event` = '做'  and ( `object` like '%鱼香肉丝%' )
[2016-03-25 18:34:38] [info] select * from `:table_name` where `type` = '0' and `event` = '-'  and ( `object` like '%你%' or  `object` like '%公司%' )
[2016-03-25 18:34:40] [info] select * from `:table_name` where `type` = '0' and `event` = '-'  and ( `object` like '%你%' or  `object` like '%公司%' )
[2016-03-25 18:34:43] [info] select * from `:table_name` where `type` = '0' and `event` = '-'  and ( `object` like '%你%' or  `object` like '%大爷%' )
[2016-03-25 18:34:46] [info] select * from `:table_name` where `type` = '205' and `event` = '是'  and ( `object` like '%我%' or  `object` like '%你%' or  `object` like '%大爷%' )
[2016-03-25 18:35:48] [info] select * from `:table_name` where `type` = '0' and `event` = '-'  and ( `object` like '%你%' or  `object` like '%大爷%' )
[2016-03-25 18:35:49] [info] select * from `:table_name` where `type` = '0' and `event` = '-'  and ( `object` like '%你%' or  `object` like '%大爷%' )
[2016-03-25 18:36:03] [info] select * from `:table_name` where `type` = '0' and `event` = '-'  and ( `object` like '%你%' or  `object` like '%公司%' )
[2016-03-25 18:36:07] [info] select * from `:table_name` where `type` = '502' and `event` = '是'  and ( `object` like '%你%' or  `object` like '%公司%' )
[2016-03-25 18:36:09] [info] select * from `:table_name` where `type` = '0' and `event` = '-'  and ( `object` like '%你%' or  `object` like '%大爷%' )
[2016-03-25 18:36:12] [info] select * from `:table_name` where `type` = '0' and `event` = '-'  and ( `object` like '%呵呵%' )
[2016-03-25 18:36:13] [info] select * from `:table_name` where `type` = '0' and `event` = '-' 
[2016-03-25 18:36:14] [info] select * from `:table_name` where `type` = '0' and `event` = '-'  and ( `object` like '%我%' )
[2016-03-25 18:36:14] [info] select * from `:table_name` where `type` = '0' and `event` = '-'  and ( `object` like '%啊%' )
[2016-03-25 18:36:14] [info] select * from `:table_name` where `type` = '0' and `event` = '-'  and ( `object` like '%我%' )
[2016-03-25 18:36:15] [info] select * from `:table_name` where `type` = '201' and `event` = '问' 
[2016-03-25 18:36:15] [info] select * from `:table_name` where `type` = '0' and `event` = '-'  and ( `object` like '%阿萨德%' )
[2016-03-25 18:36:15] [info] select * from `:table_name` where `type` = '201' and `event` = '请示' 
[2016-03-25 18:36:15] [info] select * from `:table_name` where `type` = '202' and `event` = '-' 
[2016-03-25 18:36:16] [info] select * from `:table_name` where `type` = '0' and `event` = '-'  and ( `object` like '%人%' )
[2016-03-25 18:36:17] [info] select * from `:table_name` where `type` = '0' and `event` = '-'  and ( `object` like '%人%' or  `object` like '%人%' )
[2016-03-25 18:36:47] [info] select * from `:table_name` where `type` = '0' and `event` = '-'  and ( `object` like '%你%' or  `object` like '%公司%' )
[2016-03-25 18:36:49] [info] select * from `:table_name` where `type` = '0' and `event` = '-'  and ( `object` like '%你%' or  `object` like '%公司%' )
[2016-03-25 18:36:52] [info] select * from `:table_name` where `type` = '0' and `event` = '-'  and ( `object` like '%你%' or  `object` like '%公司%' )
[2016-03-25 18:37:04] [info] select * from `:table_name` where `type` = '0' and `event` = '-'  and ( `object` like '%你%' or  `object` like '%公司%' )
[2016-03-25 18:37:18] [info] select * from `:table_name` where `type` = '201' and `event` = '拜拜'  and ( `object` like '%你%' or  `object` like '%大爷%' )
[2016-03-25 18:37:20] [info] select * from `:table_name` where `type` = '0' and `event` = '-'  and ( `object` like '%呵呵%' )
[2016-03-25 18:38:10] [info] select * from `:table_name` where `type` = '202' and `event` = '-'  and ( `object` like '%你%' )
[2016-03-25 18:38:30] [info] select * from `:table_name` where `type` = '202' and `event` = '-'  and ( `object` like '%你%' )
[2016-03-25 18:38:34] [info] select * from `:table_name` where `type` = '0' and `event` = '-'  and ( `object` like '%哇%' or  `object` like '%哈哈哈%' )
[2016-03-25 18:38:38] [info] select * from `:table_name` where `type` = '0' and `event` = '-'  and ( `object` like '%哇%' or  `object` like '%哈哈%' )
[2016-03-25 18:38:50] [info] select * from `:table_name` where `type` = '201' and `event` = '呼'  and ( `object` like '%呼呼%' )
[2016-03-25 18:38:52] [info] select * from `:table_name` where `type` = '0' and `event` = '-'  and ( `object` like '%广州电信呼叫中心%' )
[2016-03-25 18:38:53] [info] select * from `:table_name` where `type` = '507' and `event` = '在'  and ( `object` like '%广州电信呼叫中心%' )
[2016-03-25 18:38:57] [info] select * from `:table_name` where `type` = '201' and `event` = '介绍'  and ( `object` like '%广州电信呼叫中心%' )
[2016-03-25 18:39:01] [info] select * from `:table_name` where `type` = '0' and `event` = '-'  and ( `object` like '%蒙古国大呼拉尔%' )
[2016-03-25 18:39:02] [info] select * from `:table_name` where `type` = '507' and `event` = '在'  and ( `object` like '%蒙古国大呼拉尔%' )
[2016-03-25 18:39:07] [info] select * from `:table_name` where `type` = '201' and `event` = '介绍'  and ( `object` like '%蒙古国大呼拉尔%' )
[2016-03-25 18:40:19] [info] select * from `:table_name` where `type` = '201' and `event` = '发'  and ( `object` like '%我%' or  `object` like '%大理%' or  `object` like '%大理%' or  `object` like '%游记%' )
